<?xml version="1.0" encoding="UTF-8"?>
<testsuite xmlns:xsi="http://www.w3.org/2001/XMLSchema-instance" xsi:noNamespaceSchemaLocation="https://maven.apache.org/surefire/maven-surefire-plugin/xsd/surefire-test-report.xsd" name="learn.domain.RestaurantQueueServiceTest" time="0.506" tests="3" errors="1" skipped="0" failures="2">
  <properties>
[...]
</properties>
  <testcase name="add" classname="learn.domain.RestaurantQueueServiceTest" time="0.002">
    <error type="java.lang.IllegalArgumentException">java.lang.IllegalArgumentException
	at learn.domain.RestaurantQueueServiceTest.makeQueue(RestaurantQueueServiceTest.java:50)
	at learn.domain.RestaurantQueueServiceTest.add(RestaurantQueueServiceTest.java:41)
</error>
    <system-out><![CDATA[2022-05-09 14:21:25.689  INFO 4638 --- [           main] .b.t.c.SpringBootTestContextBootstrapper : Neither @ContextConfiguration nor @ContextHierarchy found for test class [learn.domain.RestaurantQueueServiceTest], using SpringBootContextLoader
2022-05-09 14:21:25.690  INFO 4638 --- [           main] o.s.t.c.support.AbstractContextLoader    : Could not detect default resource locations for test class [learn.domain.RestaurantQueueServiceTest]: no resource found for suffixes {-context.xml, Context.groovy}.
2022-05-09 14:21:25.690  INFO 4638 --- [           main] t.c.s.AnnotationConfigContextLoaderUtils : Could not detect default configuration classes for test class [learn.domain.RestaurantQueueServiceTest]: RestaurantQueueServiceTest does not declare any static, non-private, non-final, nested classes annotated with @Configuration.
2022-05-09 14:21:25.691  INFO 4638 --- [           main] .b.t.c.SpringBootTestContextBootstrapper : Found @SpringBootConfiguration learn.App for test class learn.domain.RestaurantQueueServiceTest
2022-05-09 14:21:25.692  INFO 4638 --- [           main] .b.t.c.SpringBootTestContextBootstrapper : Loaded default TestExecutionListener class names from location [META-INF/spring.factories]: [org.springframework.boot.test.mock.mockito.MockitoTestExecutionListener, org.springframework.boot.test.mock.mockito.ResetMocksTestExecutionListener, org.springframework.boot.test.autoconfigure.restdocs.RestDocsTestExecutionListener, org.springframework.boot.test.autoconfigure.web.client.MockRestServiceServerResetTestExecutionListener, org.springframework.boot.test.autoconfigure.web.servlet.MockMvcPrintOnlyOnFailureTestExecutionListener, org.springframework.boot.test.autoconfigure.web.servlet.WebDriverTestExecutionListener, org.springframework.boot.test.autoconfigure.webservices.client.MockWebServiceServerTestExecutionListener, org.springframework.test.context.web.ServletTestExecutionListener, org.springframework.test.context.support.DirtiesContextBeforeModesTestExecutionListener, org.springframework.test.context.event.ApplicationEventsTestExecutionListener, org.springframework.test.context.support.DependencyInjectionTestExecutionListener, org.springframework.test.context.support.DirtiesContextTestExecutionListener, org.springframework.test.context.transaction.TransactionalTestExecutionListener, org.springframework.test.context.jdbc.SqlScriptsTestExecutionListener, org.springframework.test.context.event.EventPublishingTestExecutionListener]
2022-05-09 14:21:25.692  INFO 4638 --- [           main] .b.t.c.SpringBootTestContextBootstrapper : Using TestExecutionListeners: [org.springframework.test.context.web.ServletTestExecutionListener@3051e476, org.springframework.test.context.support.DirtiesContextBeforeModesTestExecutionListener@1870b9b8, org.springframework.test.context.event.ApplicationEventsTestExecutionListener@6d9ee75a, org.springframework.boot.test.mock.mockito.MockitoTestExecutionListener@9825465, org.springframework.boot.test.autoconfigure.SpringBootDependencyInjectionTestExecutionListener@36cf6377, org.springframework.test.context.support.DirtiesContextTestExecutionListener@2befb16f, org.springframework.test.context.transaction.TransactionalTestExecutionListener@3151277f, org.springframework.test.context.jdbc.SqlScriptsTestExecutionListener@2aeb7c4c, org.springframework.test.context.event.EventPublishingTestExecutionListener@67f266bd, org.springframework.boot.test.mock.mockito.ResetMocksTestExecutionListener@31c0c7e5, org.springframework.boot.test.autoconfigure.restdocs.RestDocsTestExecutionListener@912747d, org.springframework.boot.test.autoconfigure.web.client.MockRestServiceServerResetTestExecutionListener@78ea700f, org.springframework.boot.test.autoconfigure.web.servlet.MockMvcPrintOnlyOnFailureTestExecutionListener@cd93621, org.springframework.boot.test.autoconfigure.web.servlet.WebDriverTestExecutionListener@3b1137b0, org.springframework.boot.test.autoconfigure.webservices.client.MockWebServiceServerTestExecutionListener@21ba0d33]

  .   ____          _            __ _ _
 /\\ / ___'_ __ _ _(_)_ __  __ _ \ \ \ \
( ( )\___ | '_ | '_| | '_ \/ _` | \ \ \ \
 \\/  ___)| |_)| | | | | || (_| |  ) ) ) )
  '  |____| .__|_| |_|_| |_\__, | / / / /
 =========|_|==============|___/=/_/_/_/
 :: Spring Boot ::                (v2.6.6)

2022-05-09 14:21:25.707  INFO 4638 --- [           main] learn.domain.RestaurantQueueServiceTest  : Starting RestaurantQueueServiceTest using Java 11.0.14 on Erwyns-MBP with PID 4638 (started by e.perez in /Users/e.perez/Dev10/querk-capstone-project/querk-api)
2022-05-09 14:21:25.707  INFO 4638 --- [           main] learn.domain.RestaurantQueueServiceTest  : No active profile set, falling back to 1 default profile: "default"
2022-05-09 14:21:26.080  INFO 4638 --- [           main] o.s.s.web.DefaultSecurityFilterChain     : Will not secure any request
2022-05-09 14:21:26.190  INFO 4638 --- [           main] learn.domain.RestaurantQueueServiceTest  : Started RestaurantQueueServiceTest in 0.496 seconds (JVM running for 6.362)
]]></system-out>
  </testcase>
  <testcase name="findAllByRestaurantId" classname="learn.domain.RestaurantQueueServiceTest" time="0.001">
    <failure message="expected: &lt;true&gt; but was: &lt;false&gt;" type="org.opentest4j.AssertionFailedError"><![CDATA[org.opentest4j.AssertionFailedError: expected: <true> but was: <false>
	at learn.domain.RestaurantQueueServiceTest.findAllByRestaurantId(RestaurantQueueServiceTest.java:29)
]]></failure>
  </testcase>
  <testcase name="findAllNonExpiredByRestaurantId" classname="learn.domain.RestaurantQueueServiceTest" time="0.001">
    <failure message="expected: &lt;true&gt; but was: &lt;false&gt;" type="org.opentest4j.AssertionFailedError"><![CDATA[org.opentest4j.AssertionFailedError: expected: <true> but was: <false>
	at learn.domain.RestaurantQueueServiceTest.findAllNonExpiredByRestaurantId(RestaurantQueueServiceTest.java:35)
]]></failure>
  </testcase>
</testsuite>