<?xml version="1.0" encoding="UTF-8"?>
<testsuite xmlns:xsi="http://www.w3.org/2001/XMLSchema-instance" xsi:noNamespaceSchemaLocation="https://maven.apache.org/surefire/maven-surefire-plugin/xsd/surefire-test-report.xsd" name="learn.data.RestaurantJdbcTemplateRepositoryTest" time="3.74" tests="8" errors="3" skipped="0" failures="0">
  <properties>
[...]
</properties>
  <testcase name="shouldUpdate" classname="learn.data.RestaurantJdbcTemplateRepositoryTest" time="1.05">
    <error message="StatementCallback; SQL [call set_known_good_state(); ]; Cannot delete or update a parent row: a foreign key constraint fails (`queues_project_test`.`restaurants_customers`, CONSTRAINT `fk_customers_restaurants` FOREIGN KEY (`customer_id`) REFERENCES `customers` (`customer_id`)); nested exception is java.sql.SQLIntegrityConstraintViolationException: Cannot delete or update a parent row: a foreign key constraint fails (`queues_project_test`.`restaurants_customers`, CONSTRAINT `fk_customers_restaurants` FOREIGN KEY (`customer_id`) REFERENCES `customers` (`customer_id`))" type="org.springframework.dao.DataIntegrityViolationException">org.springframework.dao.DataIntegrityViolationException: StatementCallback; SQL [call set_known_good_state(); ]; Cannot delete or update a parent row: a foreign key constraint fails (`queues_project_test`.`restaurants_customers`, CONSTRAINT `fk_customers_restaurants` FOREIGN KEY (`customer_id`) REFERENCES `customers` (`customer_id`)); nested exception is java.sql.SQLIntegrityConstraintViolationException: Cannot delete or update a parent row: a foreign key constraint fails (`queues_project_test`.`restaurants_customers`, CONSTRAINT `fk_customers_restaurants` FOREIGN KEY (`customer_id`) REFERENCES `customers` (`customer_id`))
	at learn.data.RestaurantJdbcTemplateRepositoryTest.setup(RestaurantJdbcTemplateRepositoryTest.java:27)
Caused by: java.sql.SQLIntegrityConstraintViolationException: Cannot delete or update a parent row: a foreign key constraint fails (`queues_project_test`.`restaurants_customers`, CONSTRAINT `fk_customers_restaurants` FOREIGN KEY (`customer_id`) REFERENCES `customers` (`customer_id`))
	at learn.data.RestaurantJdbcTemplateRepositoryTest.setup(RestaurantJdbcTemplateRepositoryTest.java:27)
</error>
    <system-out><![CDATA[14:21:20.465 [main] DEBUG org.springframework.test.context.BootstrapUtils - Instantiating CacheAwareContextLoaderDelegate from class [org.springframework.test.context.cache.DefaultCacheAwareContextLoaderDelegate]
14:21:20.476 [main] DEBUG org.springframework.test.context.BootstrapUtils - Instantiating BootstrapContext using constructor [public org.springframework.test.context.support.DefaultBootstrapContext(java.lang.Class,org.springframework.test.context.CacheAwareContextLoaderDelegate)]
14:21:20.508 [main] DEBUG org.springframework.test.context.BootstrapUtils - Instantiating TestContextBootstrapper for test class [learn.data.RestaurantJdbcTemplateRepositoryTest] from class [org.springframework.boot.test.context.SpringBootTestContextBootstrapper]
14:21:20.521 [main] INFO org.springframework.boot.test.context.SpringBootTestContextBootstrapper - Neither @ContextConfiguration nor @ContextHierarchy found for test class [learn.data.RestaurantJdbcTemplateRepositoryTest], using SpringBootContextLoader
14:21:20.525 [main] DEBUG org.springframework.test.context.support.AbstractContextLoader - Did not detect default resource location for test class [learn.data.RestaurantJdbcTemplateRepositoryTest]: class path resource [learn/data/RestaurantJdbcTemplateRepositoryTest-context.xml] does not exist
14:21:20.526 [main] DEBUG org.springframework.test.context.support.AbstractContextLoader - Did not detect default resource location for test class [learn.data.RestaurantJdbcTemplateRepositoryTest]: class path resource [learn/data/RestaurantJdbcTemplateRepositoryTestContext.groovy] does not exist
14:21:20.526 [main] INFO org.springframework.test.context.support.AbstractContextLoader - Could not detect default resource locations for test class [learn.data.RestaurantJdbcTemplateRepositoryTest]: no resource found for suffixes {-context.xml, Context.groovy}.
14:21:20.527 [main] INFO org.springframework.test.context.support.AnnotationConfigContextLoaderUtils - Could not detect default configuration classes for test class [learn.data.RestaurantJdbcTemplateRepositoryTest]: RestaurantJdbcTemplateRepositoryTest does not declare any static, non-private, non-final, nested classes annotated with @Configuration.
14:21:20.568 [main] DEBUG org.springframework.test.context.support.ActiveProfilesUtils - Could not find an 'annotation declaring class' for annotation type [org.springframework.test.context.ActiveProfiles] and class [learn.data.RestaurantJdbcTemplateRepositoryTest]
14:21:20.643 [main] DEBUG org.springframework.context.annotation.ClassPathScanningCandidateComponentProvider - Identified candidate component class: file [/Users/e.perez/Dev10/querk-capstone-project/querk-api/target/classes/learn/App.class]
14:21:20.644 [main] INFO org.springframework.boot.test.context.SpringBootTestContextBootstrapper - Found @SpringBootConfiguration learn.App for test class learn.data.RestaurantJdbcTemplateRepositoryTest
14:21:20.763 [main] DEBUG org.springframework.boot.test.context.SpringBootTestContextBootstrapper - @TestExecutionListeners is not present for class [learn.data.RestaurantJdbcTemplateRepositoryTest]: using defaults.
14:21:20.764 [main] INFO org.springframework.boot.test.context.SpringBootTestContextBootstrapper - Loaded default TestExecutionListener class names from location [META-INF/spring.factories]: [org.springframework.boot.test.mock.mockito.MockitoTestExecutionListener, org.springframework.boot.test.mock.mockito.ResetMocksTestExecutionListener, org.springframework.boot.test.autoconfigure.restdocs.RestDocsTestExecutionListener, org.springframework.boot.test.autoconfigure.web.client.MockRestServiceServerResetTestExecutionListener, org.springframework.boot.test.autoconfigure.web.servlet.MockMvcPrintOnlyOnFailureTestExecutionListener, org.springframework.boot.test.autoconfigure.web.servlet.WebDriverTestExecutionListener, org.springframework.boot.test.autoconfigure.webservices.client.MockWebServiceServerTestExecutionListener, org.springframework.test.context.web.ServletTestExecutionListener, org.springframework.test.context.support.DirtiesContextBeforeModesTestExecutionListener, org.springframework.test.context.event.ApplicationEventsTestExecutionListener, org.springframework.test.context.support.DependencyInjectionTestExecutionListener, org.springframework.test.context.support.DirtiesContextTestExecutionListener, org.springframework.test.context.transaction.TransactionalTestExecutionListener, org.springframework.test.context.jdbc.SqlScriptsTestExecutionListener, org.springframework.test.context.event.EventPublishingTestExecutionListener]
14:21:20.785 [main] INFO org.springframework.boot.test.context.SpringBootTestContextBootstrapper - Using TestExecutionListeners: [org.springframework.test.context.web.ServletTestExecutionListener@b7838a9, org.springframework.test.context.support.DirtiesContextBeforeModesTestExecutionListener@696f0212, org.springframework.test.context.event.ApplicationEventsTestExecutionListener@5733f295, org.springframework.boot.test.mock.mockito.MockitoTestExecutionListener@1c3146bc, org.springframework.boot.test.autoconfigure.SpringBootDependencyInjectionTestExecutionListener@56c698e3, org.springframework.test.context.support.DirtiesContextTestExecutionListener@47a86fbb, org.springframework.test.context.transaction.TransactionalTestExecutionListener@f478a81, org.springframework.test.context.jdbc.SqlScriptsTestExecutionListener@19553973, org.springframework.test.context.event.EventPublishingTestExecutionListener@7bb6ab3a, org.springframework.boot.test.mock.mockito.ResetMocksTestExecutionListener@7fe7c640, org.springframework.boot.test.autoconfigure.restdocs.RestDocsTestExecutionListener@4c4748bf, org.springframework.boot.test.autoconfigure.web.client.MockRestServiceServerResetTestExecutionListener@7ce97ee5, org.springframework.boot.test.autoconfigure.web.servlet.MockMvcPrintOnlyOnFailureTestExecutionListener@32c8e539, org.springframework.boot.test.autoconfigure.web.servlet.WebDriverTestExecutionListener@73dce0e6, org.springframework.boot.test.autoconfigure.webservices.client.MockWebServiceServerTestExecutionListener@5a85c92]
14:21:20.789 [main] DEBUG org.springframework.test.context.support.AbstractDirtiesContextTestExecutionListener - Before test class: context [DefaultTestContext@4ba302e0 testClass = RestaurantJdbcTemplateRepositoryTest, testInstance = [null], testMethod = [null], testException = [null], mergedContextConfiguration = [WebMergedContextConfiguration@e98770d testClass = RestaurantJdbcTemplateRepositoryTest, locations = '{}', classes = '{class learn.App}', contextInitializerClasses = '[]', activeProfiles = '{}', propertySourceLocations = '{}', propertySourceProperties = '{org.springframework.boot.test.context.SpringBootTestContextBootstrapper=true}', contextCustomizers = set[org.springframework.boot.test.context.filter.ExcludeFilterContextCustomizer@51a9ad5e, org.springframework.boot.test.json.DuplicateJsonObjectContextCustomizerFactory$DuplicateJsonObjectContextCustomizer@239105a8, org.springframework.boot.test.mock.mockito.MockitoContextCustomizer@0, org.springframework.boot.test.web.client.TestRestTemplateContextCustomizer@2e32ccc5, org.springframework.boot.test.autoconfigure.actuate.metrics.MetricsExportContextCustomizerFactory$DisableMetricExportContextCustomizer@651aed93, org.springframework.boot.test.autoconfigure.properties.PropertyMappingContextCustomizer@0, org.springframework.boot.test.autoconfigure.web.servlet.WebDriverContextCustomizerFactory$Customizer@266374ef, org.springframework.boot.test.context.SpringBootTestArgs@1, org.springframework.boot.test.context.SpringBootTestWebEnvironment@3c9d0b9d], resourceBasePath = 'src/main/webapp', contextLoader = 'org.springframework.boot.test.context.SpringBootContextLoader', parent = [null]], attributes = map['org.springframework.test.context.web.ServletTestExecutionListener.activateListener' -> true]], class annotated with @DirtiesContext [false] with mode [null].

  .   ____          _            __ _ _
 /\\ / ___'_ __ _ _(_)_ __  __ _ \ \ \ \
( ( )\___ | '_ | '_| | '_ \/ _` | \ \ \ \
 \\/  ___)| |_)| | | | | || (_| |  ) ) ) )
  '  |____| .__|_| |_|_| |_\__, | / / / /
 =========|_|==============|___/=/_/_/_/
 :: Spring Boot ::                (v2.6.6)

2022-05-09 14:21:21.130  INFO 4638 --- [           main] l.d.RestaurantJdbcTemplateRepositoryTest : Starting RestaurantJdbcTemplateRepositoryTest using Java 11.0.14 on Erwyns-MBP with PID 4638 (started by e.perez in /Users/e.perez/Dev10/querk-capstone-project/querk-api)
2022-05-09 14:21:21.131  INFO 4638 --- [           main] l.d.RestaurantJdbcTemplateRepositoryTest : No active profile set, falling back to 1 default profile: "default"
2022-05-09 14:21:22.639  INFO 4638 --- [           main] o.s.s.web.DefaultSecurityFilterChain     : Will not secure any request
2022-05-09 14:21:22.957  INFO 4638 --- [           main] l.d.RestaurantJdbcTemplateRepositoryTest : Started RestaurantJdbcTemplateRepositoryTest in 2.125 seconds (JVM running for 3.13)
2022-05-09 14:21:23.311  INFO 4638 --- [           main] com.zaxxer.hikari.HikariDataSource       : HikariPool-1 - Starting...
2022-05-09 14:21:23.638  INFO 4638 --- [           main] com.zaxxer.hikari.HikariDataSource       : HikariPool-1 - Start completed.
]]></system-out>
  </testcase>
  <testcase name="shouldNotDeleteById" classname="learn.data.RestaurantJdbcTemplateRepositoryTest" time="0.041"/>
  <testcase name="findAll" classname="learn.data.RestaurantJdbcTemplateRepositoryTest" time="0.016"/>
  <testcase name="findById" classname="learn.data.RestaurantJdbcTemplateRepositoryTest" time="0.012"/>
  <testcase name="add" classname="learn.data.RestaurantJdbcTemplateRepositoryTest" time="0.007">
    <error type="java.lang.NullPointerException">java.lang.NullPointerException
	at learn.data.RestaurantJdbcTemplateRepositoryTest.add(RestaurantJdbcTemplateRepositoryTest.java:54)
</error>
  </testcase>
  <testcase name="shouldNotFindById" classname="learn.data.RestaurantJdbcTemplateRepositoryTest" time="0.004"/>
  <testcase name="shouldDeleteById" classname="learn.data.RestaurantJdbcTemplateRepositoryTest" time="0.009">
    <error message="PreparedStatementCallback; SQL [delete from restaurants where restaurant_id=?;]; Cannot delete or update a parent row: a foreign key constraint fails (`queues_project_test`.`items`, CONSTRAINT `fk_item_list_restaurant` FOREIGN KEY (`restaurant_id`) REFERENCES `restaurants` (`restaurant_id`)); nested exception is java.sql.SQLIntegrityConstraintViolationException: Cannot delete or update a parent row: a foreign key constraint fails (`queues_project_test`.`items`, CONSTRAINT `fk_item_list_restaurant` FOREIGN KEY (`restaurant_id`) REFERENCES `restaurants` (`restaurant_id`))" type="org.springframework.dao.DataIntegrityViolationException">org.springframework.dao.DataIntegrityViolationException: PreparedStatementCallback; SQL [delete from restaurants where restaurant_id=?;]; Cannot delete or update a parent row: a foreign key constraint fails (`queues_project_test`.`items`, CONSTRAINT `fk_item_list_restaurant` FOREIGN KEY (`restaurant_id`) REFERENCES `restaurants` (`restaurant_id`)); nested exception is java.sql.SQLIntegrityConstraintViolationException: Cannot delete or update a parent row: a foreign key constraint fails (`queues_project_test`.`items`, CONSTRAINT `fk_item_list_restaurant` FOREIGN KEY (`restaurant_id`) REFERENCES `restaurants` (`restaurant_id`))
	at learn.data.RestaurantJdbcTemplateRepositoryTest.shouldDeleteById(RestaurantJdbcTemplateRepositoryTest.java:76)
Caused by: java.sql.SQLIntegrityConstraintViolationException: Cannot delete or update a parent row: a foreign key constraint fails (`queues_project_test`.`items`, CONSTRAINT `fk_item_list_restaurant` FOREIGN KEY (`restaurant_id`) REFERENCES `restaurants` (`restaurant_id`))
	at learn.data.RestaurantJdbcTemplateRepositoryTest.shouldDeleteById(RestaurantJdbcTemplateRepositoryTest.java:76)
</error>
  </testcase>
  <testcase name="shouldNotUpdate" classname="learn.data.RestaurantJdbcTemplateRepositoryTest" time="0.011"/>
</testsuite>