<?xml version="1.0" encoding="UTF-8"?>
<testsuite xmlns:xsi="http://www.w3.org/2001/XMLSchema-instance" xsi:noNamespaceSchemaLocation="https://maven.apache.org/surefire/maven-surefire-plugin/xsd/surefire-test-report.xsd" name="learn.domain.CustomerServiceTest" time="0.501" tests="9" errors="1" skipped="0" failures="1">
  <properties>
[...]
</properties>
  <testcase name="shouldNotAddDupeUserId" classname="learn.domain.CustomerServiceTest" time="0.003">
    <error type="java.lang.NullPointerException">java.lang.NullPointerException
	at learn.domain.CustomerServiceTest.shouldNotAddDupeUserId(CustomerServiceTest.java:57)
</error>
    <system-out><![CDATA[2022-05-09 14:21:25.182  INFO 4638 --- [           main] .b.t.c.SpringBootTestContextBootstrapper : Neither @ContextConfiguration nor @ContextHierarchy found for test class [learn.domain.CustomerServiceTest], using SpringBootContextLoader
2022-05-09 14:21:25.183  INFO 4638 --- [           main] o.s.t.c.support.AbstractContextLoader    : Could not detect default resource locations for test class [learn.domain.CustomerServiceTest]: no resource found for suffixes {-context.xml, Context.groovy}.
2022-05-09 14:21:25.183  INFO 4638 --- [           main] t.c.s.AnnotationConfigContextLoaderUtils : Could not detect default configuration classes for test class [learn.domain.CustomerServiceTest]: CustomerServiceTest does not declare any static, non-private, non-final, nested classes annotated with @Configuration.
2022-05-09 14:21:25.184  INFO 4638 --- [           main] .b.t.c.SpringBootTestContextBootstrapper : Found @SpringBootConfiguration learn.App for test class learn.domain.CustomerServiceTest
2022-05-09 14:21:25.185  INFO 4638 --- [           main] .b.t.c.SpringBootTestContextBootstrapper : Loaded default TestExecutionListener class names from location [META-INF/spring.factories]: [org.springframework.boot.test.mock.mockito.MockitoTestExecutionListener, org.springframework.boot.test.mock.mockito.ResetMocksTestExecutionListener, org.springframework.boot.test.autoconfigure.restdocs.RestDocsTestExecutionListener, org.springframework.boot.test.autoconfigure.web.client.MockRestServiceServerResetTestExecutionListener, org.springframework.boot.test.autoconfigure.web.servlet.MockMvcPrintOnlyOnFailureTestExecutionListener, org.springframework.boot.test.autoconfigure.web.servlet.WebDriverTestExecutionListener, org.springframework.boot.test.autoconfigure.webservices.client.MockWebServiceServerTestExecutionListener, org.springframework.test.context.web.ServletTestExecutionListener, org.springframework.test.context.support.DirtiesContextBeforeModesTestExecutionListener, org.springframework.test.context.event.ApplicationEventsTestExecutionListener, org.springframework.test.context.support.DependencyInjectionTestExecutionListener, org.springframework.test.context.support.DirtiesContextTestExecutionListener, org.springframework.test.context.transaction.TransactionalTestExecutionListener, org.springframework.test.context.jdbc.SqlScriptsTestExecutionListener, org.springframework.test.context.event.EventPublishingTestExecutionListener]
2022-05-09 14:21:25.186  INFO 4638 --- [           main] .b.t.c.SpringBootTestContextBootstrapper : Using TestExecutionListeners: [org.springframework.test.context.web.ServletTestExecutionListener@5d6d424d, org.springframework.test.context.support.DirtiesContextBeforeModesTestExecutionListener@391b01c5, org.springframework.test.context.event.ApplicationEventsTestExecutionListener@6e78177b, org.springframework.boot.test.mock.mockito.MockitoTestExecutionListener@4ec37a42, org.springframework.boot.test.autoconfigure.SpringBootDependencyInjectionTestExecutionListener@798b36fd, org.springframework.test.context.support.DirtiesContextTestExecutionListener@18ff1520, org.springframework.test.context.transaction.TransactionalTestExecutionListener@36120a8b, org.springframework.test.context.jdbc.SqlScriptsTestExecutionListener@63d66761, org.springframework.test.context.event.EventPublishingTestExecutionListener@434a8938, org.springframework.boot.test.mock.mockito.ResetMocksTestExecutionListener@237cd264, org.springframework.boot.test.autoconfigure.restdocs.RestDocsTestExecutionListener@51cd2d2, org.springframework.boot.test.autoconfigure.web.client.MockRestServiceServerResetTestExecutionListener@5521407f, org.springframework.boot.test.autoconfigure.web.servlet.MockMvcPrintOnlyOnFailureTestExecutionListener@42b500aa, org.springframework.boot.test.autoconfigure.web.servlet.WebDriverTestExecutionListener@71f056a, org.springframework.boot.test.autoconfigure.webservices.client.MockWebServiceServerTestExecutionListener@64f6dd19]

  .   ____          _            __ _ _
 /\\ / ___'_ __ _ _(_)_ __  __ _ \ \ \ \
( ( )\___ | '_ | '_| | '_ \/ _` | \ \ \ \
 \\/  ___)| |_)| | | | | || (_| |  ) ) ) )
  '  |____| .__|_| |_|_| |_\__, | / / / /
 =========|_|==============|___/=/_/_/_/
 :: Spring Boot ::                (v2.6.6)

2022-05-09 14:21:25.203  INFO 4638 --- [           main] learn.domain.CustomerServiceTest         : Starting CustomerServiceTest using Java 11.0.14 on Erwyns-MBP with PID 4638 (started by e.perez in /Users/e.perez/Dev10/querk-capstone-project/querk-api)
2022-05-09 14:21:25.204  INFO 4638 --- [           main] learn.domain.CustomerServiceTest         : No active profile set, falling back to 1 default profile: "default"
2022-05-09 14:21:25.540  INFO 4638 --- [           main] o.s.s.web.DefaultSecurityFilterChain     : Will not secure any request
2022-05-09 14:21:25.665  INFO 4638 --- [           main] learn.domain.CustomerServiceTest         : Started CustomerServiceTest in 0.477 seconds (JVM running for 5.837)
]]></system-out>
  </testcase>
  <testcase name="update" classname="learn.domain.CustomerServiceTest" time="0.002">
    <failure message="expected: &lt;SUCCESS&gt; but was: &lt;NOT_FOUND&gt;" type="org.opentest4j.AssertionFailedError"><![CDATA[org.opentest4j.AssertionFailedError: expected: <SUCCESS> but was: <NOT_FOUND>
	at learn.domain.CustomerServiceTest.update(CustomerServiceTest.java:76)
]]></failure>
  </testcase>
  <testcase name="shouldNotUpdateWithoutId" classname="learn.domain.CustomerServiceTest" time="0.001"/>
  <testcase name="shouldNotAddNullCustomer" classname="learn.domain.CustomerServiceTest" time="0.001"/>
  <testcase name="shouldNotUpdateNonexistent" classname="learn.domain.CustomerServiceTest" time="0.001"/>
  <testcase name="add" classname="learn.domain.CustomerServiceTest" time="0.002"/>
  <testcase name="shouldNotAddWithoutPhoneNum" classname="learn.domain.CustomerServiceTest" time="0.002"/>
  <testcase name="shouldNotAddWithoutName" classname="learn.domain.CustomerServiceTest" time="0.002"/>
  <testcase name="shouldNotAddWithId" classname="learn.domain.CustomerServiceTest" time="0.002"/>
</testsuite>