<?xml version="1.0" encoding="UTF-8"?>
<testsuite xmlns:xsi="http://www.w3.org/2001/XMLSchema-instance" xsi:noNamespaceSchemaLocation="https://maven.apache.org/surefire/maven-surefire-plugin/xsd/surefire-test-report.xsd" name="learn.data.CustomerJdbcTemplateRepositoryTest" time="0.074" tests="8" errors="1" skipped="0" failures="2">
  <properties>
[...]
</properties>
  <testcase name="shouldUpdate" classname="learn.data.CustomerJdbcTemplateRepositoryTest" time="0">
    <failure message="expected: &lt;true&gt; but was: &lt;false&gt;" type="org.opentest4j.AssertionFailedError"><![CDATA[org.opentest4j.AssertionFailedError: expected: <true> but was: <false>
	at learn.data.CustomerJdbcTemplateRepositoryTest.shouldUpdate(CustomerJdbcTemplateRepositoryTest.java:62)
]]></failure>
    <system-out><![CDATA[2022-05-09 14:21:24.132  INFO 4638 --- [           main] .b.t.c.SpringBootTestContextBootstrapper : Neither @ContextConfiguration nor @ContextHierarchy found for test class [learn.data.CustomerJdbcTemplateRepositoryTest], using SpringBootContextLoader
2022-05-09 14:21:24.133  INFO 4638 --- [           main] o.s.t.c.support.AbstractContextLoader    : Could not detect default resource locations for test class [learn.data.CustomerJdbcTemplateRepositoryTest]: no resource found for suffixes {-context.xml, Context.groovy}.
2022-05-09 14:21:24.133  INFO 4638 --- [           main] t.c.s.AnnotationConfigContextLoaderUtils : Could not detect default configuration classes for test class [learn.data.CustomerJdbcTemplateRepositoryTest]: CustomerJdbcTemplateRepositoryTest does not declare any static, non-private, non-final, nested classes annotated with @Configuration.
2022-05-09 14:21:24.133  INFO 4638 --- [           main] .b.t.c.SpringBootTestContextBootstrapper : Found @SpringBootConfiguration learn.App for test class learn.data.CustomerJdbcTemplateRepositoryTest
2022-05-09 14:21:24.135  INFO 4638 --- [           main] .b.t.c.SpringBootTestContextBootstrapper : Loaded default TestExecutionListener class names from location [META-INF/spring.factories]: [org.springframework.boot.test.mock.mockito.MockitoTestExecutionListener, org.springframework.boot.test.mock.mockito.ResetMocksTestExecutionListener, org.springframework.boot.test.autoconfigure.restdocs.RestDocsTestExecutionListener, org.springframework.boot.test.autoconfigure.web.client.MockRestServiceServerResetTestExecutionListener, org.springframework.boot.test.autoconfigure.web.servlet.MockMvcPrintOnlyOnFailureTestExecutionListener, org.springframework.boot.test.autoconfigure.web.servlet.WebDriverTestExecutionListener, org.springframework.boot.test.autoconfigure.webservices.client.MockWebServiceServerTestExecutionListener, org.springframework.test.context.web.ServletTestExecutionListener, org.springframework.test.context.support.DirtiesContextBeforeModesTestExecutionListener, org.springframework.test.context.event.ApplicationEventsTestExecutionListener, org.springframework.test.context.support.DependencyInjectionTestExecutionListener, org.springframework.test.context.support.DirtiesContextTestExecutionListener, org.springframework.test.context.transaction.TransactionalTestExecutionListener, org.springframework.test.context.jdbc.SqlScriptsTestExecutionListener, org.springframework.test.context.event.EventPublishingTestExecutionListener]
2022-05-09 14:21:24.135  INFO 4638 --- [           main] .b.t.c.SpringBootTestContextBootstrapper : Using TestExecutionListeners: [org.springframework.test.context.web.ServletTestExecutionListener@61836cd9, org.springframework.test.context.support.DirtiesContextBeforeModesTestExecutionListener@1b632442, org.springframework.test.context.event.ApplicationEventsTestExecutionListener@7227926b, org.springframework.boot.test.mock.mockito.MockitoTestExecutionListener@2f75a9b1, org.springframework.boot.test.autoconfigure.SpringBootDependencyInjectionTestExecutionListener@556aed22, org.springframework.test.context.support.DirtiesContextTestExecutionListener@57a982f9, org.springframework.test.context.transaction.TransactionalTestExecutionListener@19d3f6ad, org.springframework.test.context.jdbc.SqlScriptsTestExecutionListener@1b69fc07, org.springframework.test.context.event.EventPublishingTestExecutionListener@19e801b5, org.springframework.boot.test.mock.mockito.ResetMocksTestExecutionListener@24de63b, org.springframework.boot.test.autoconfigure.restdocs.RestDocsTestExecutionListener@42d0e41, org.springframework.boot.test.autoconfigure.web.client.MockRestServiceServerResetTestExecutionListener@50f05307, org.springframework.boot.test.autoconfigure.web.servlet.MockMvcPrintOnlyOnFailureTestExecutionListener@9cc0505, org.springframework.boot.test.autoconfigure.web.servlet.WebDriverTestExecutionListener@645d4639, org.springframework.boot.test.autoconfigure.webservices.client.MockWebServiceServerTestExecutionListener@8ee03f5]
]]></system-out>
  </testcase>
  <testcase name="shouldNotDeleteById" classname="learn.data.CustomerJdbcTemplateRepositoryTest" time="0.008"/>
  <testcase name="findAll" classname="learn.data.CustomerJdbcTemplateRepositoryTest" time="0.005"/>
  <testcase name="findById" classname="learn.data.CustomerJdbcTemplateRepositoryTest" time="0.005"/>
  <testcase name="add" classname="learn.data.CustomerJdbcTemplateRepositoryTest" time="0.009">
    <error type="java.lang.NullPointerException">java.lang.NullPointerException
	at learn.data.CustomerJdbcTemplateRepositoryTest.add(CustomerJdbcTemplateRepositoryTest.java:53)
</error>
  </testcase>
  <testcase name="shouldNotFindById" classname="learn.data.CustomerJdbcTemplateRepositoryTest" time="0.007"/>
  <testcase name="shouldNotUpdate" classname="learn.data.CustomerJdbcTemplateRepositoryTest" time="0.012"/>
  <testcase name="deleteById" classname="learn.data.CustomerJdbcTemplateRepositoryTest" time="0.012">
    <failure message="expected: &lt;true&gt; but was: &lt;false&gt;" type="org.opentest4j.AssertionFailedError"><![CDATA[org.opentest4j.AssertionFailedError: expected: <true> but was: <false>
	at learn.data.CustomerJdbcTemplateRepositoryTest.deleteById(CustomerJdbcTemplateRepositoryTest.java:74)
]]></failure>
  </testcase>
</testsuite>